timestamp: 2013-12-01T17:37:39.825505
CREATE TABLE auth_user(
    id INTEGER PRIMARY KEY AUTOINCREMENT,
    first_name CHAR(128),
    last_name CHAR(128),
    email CHAR(512),
    password CHAR(512),
    registration_key CHAR(512),
    reset_password_key CHAR(512),
    registration_id CHAR(512),
    r_type CHAR(512)
);
success!
timestamp: 2013-12-01T17:37:39.833045
CREATE TABLE auth_group(
    id INTEGER PRIMARY KEY AUTOINCREMENT,
    role CHAR(512),
    description TEXT
);
success!
timestamp: 2013-12-01T17:37:39.840493
CREATE TABLE auth_membership(
    id INTEGER PRIMARY KEY AUTOINCREMENT,
    user_id INTEGER REFERENCES auth_user (id) ON DELETE CASCADE,
    group_id INTEGER REFERENCES auth_group (id) ON DELETE CASCADE
);
success!
timestamp: 2013-12-01T17:37:39.848338
CREATE TABLE auth_permission(
    id INTEGER PRIMARY KEY AUTOINCREMENT,
    group_id INTEGER REFERENCES auth_group (id) ON DELETE CASCADE,
    name CHAR(512),
    table_name CHAR(512),
    record_id INTEGER
);
success!
timestamp: 2013-12-01T17:37:39.856893
CREATE TABLE auth_event(
    id INTEGER PRIMARY KEY AUTOINCREMENT,
    time_stamp TIMESTAMP,
    client_ip CHAR(512),
    user_id INTEGER REFERENCES auth_user (id) ON DELETE CASCADE,
    origin CHAR(512),
    description TEXT
);
success!
timestamp: 2013-12-01T17:37:39.865074
CREATE TABLE auth_cas(
    id INTEGER PRIMARY KEY AUTOINCREMENT,
    user_id INTEGER REFERENCES auth_user (id) ON DELETE CASCADE,
    created_on TIMESTAMP,
    service CHAR(512),
    ticket CHAR(512),
    renew CHAR(1)
);
success!
timestamp: 2013-12-01T17:37:39.872484
CREATE TABLE company(
    id INTEGER PRIMARY KEY AUTOINCREMENT,
    name CHAR(512),
    logo CHAR(512),
    mgr_id INTEGER
);
success!
timestamp: 2013-12-01T17:37:39.885008
CREATE TABLE Insurance(
    id INTEGER PRIMARY KEY AUTOINCREMENT,
    type_policy INTEGER,
    company_id INTEGER,
    name CHAR(512),
    logo CHAR(512),
    policy_description TEXT,
    min_cover INTEGER,
    max_cover INTEGER,
    min_duration INTEGER,
    max_duration INTEGER,
    min_age INTEGER,
    max_age INTEGER,
    target_income CHAR(512),
    marital_status CHAR(512),
    extra_benefits TEXT,
    heart CHAR(512),
    cancer CHAR(512),
    tobbaco CHAR(512),
    critical CHAR(512),
    min_members INTEGER,
    max_members INTEGER,
    year_build INTEGER,
    no_of_wheels INTEGER,
    min_price INTEGER,
    max_price INTEGER,
    min_year INTEGER,
    travel_type CHAR(512),
    max_limit INTEGER
);
success!
timestamp: 2013-12-01T17:37:39.895783
CREATE TABLE BuyInsurance(
    id INTEGER PRIMARY KEY AUTOINCREMENT,
    approve CHAR(1),
    company_id INTEGER,
    user_id INTEGER,
    type_policy INTEGER,
    name CHAR(512),
    logo CHAR(512),
    policy_description TEXT,
    cover INTEGER,
    duration INTEGER,
    age INTEGER,
    premium INTEGER,
    target_income CHAR(512),
    marital_status CHAR(512),
    extra_benefits TEXT,
    heart CHAR(512),
    cancer CHAR(512),
    tobbaco CHAR(512),
    critical CHAR(512),
    members INTEGER,
    year_build INTEGER,
    no_of_wheels INTEGER,
    price INTEGER,
    travel_type CHAR(512)
);
success!
timestamp: 2013-12-02T01:57:05.519284
CREATE TABLE works_for(
    id INTEGER PRIMARY KEY AUTOINCREMENT,
    company_id INTEGER,
    user_id INTEGER,
    approve INTEGER
);
success!
timestamp: 2013-12-02T01:57:05.553666
CREATE TABLE handles(
    id INTEGER PRIMARY KEY AUTOINCREMENT,
    agent_id INTEGER,
    user_id INTEGER
);
success!
timestamp: 2013-12-02T05:40:52.564254
ALTER TABLE handles ADD policy_id INTEGER;
timestamp: 2013-12-02T06:56:46.174946
CREATE TABLE scheduler_task(
    id INTEGER PRIMARY KEY AUTOINCREMENT,
    application_name CHAR(512),
    task_name CHAR(512),
    group_name CHAR(512),
    status CHAR(512),
    function_name CHAR(512),
    uuid CHAR(512) UNIQUE,
    args TEXT,
    vars TEXT,
    enabled CHAR(1),
    start_time TIMESTAMP,
    next_run_time TIMESTAMP,
    stop_time TIMESTAMP,
    repeats INTEGER,
    retry_failed INTEGER,
    period INTEGER,
    timeout INTEGER,
    sync_output INTEGER,
    times_run INTEGER,
    times_failed INTEGER,
    last_run_time TIMESTAMP,
    assigned_worker_name CHAR(512)
);
success!
timestamp: 2013-12-02T06:56:46.184199
CREATE TABLE scheduler_run(
    id INTEGER PRIMARY KEY AUTOINCREMENT,
    task_id INTEGER REFERENCES scheduler_task (id) ON DELETE CASCADE,
    status CHAR(512),
    start_time TIMESTAMP,
    stop_time TIMESTAMP,
    run_output TEXT,
    run_result TEXT,
    traceback TEXT,
    worker_name CHAR(512)
);
success!
timestamp: 2013-12-02T06:56:46.189536
CREATE TABLE scheduler_worker(
    id INTEGER PRIMARY KEY AUTOINCREMENT,
    worker_name CHAR(512) UNIQUE,
    first_heartbeat TIMESTAMP,
    last_heartbeat TIMESTAMP,
    status CHAR(512),
    is_ticker CHAR(1),
    group_names TEXT
);
success!
timestamp: 2013-12-02T08:17:04.798262
ALTER TABLE Insurance ADD premium INTEGER;
timestamp: 2013-12-02T09:53:31.646834
ALTER TABLE auth_user ADD approve CHAR(1);
